c:\users\bastien bouquin\desktop\programmation\ia-jeux\westworldwithmessaging\debug\westworldwithmessaging.bsc
c:\users\bastien bouquin\desktop\programmation\ia-jeux\westworldwithmessaging\debug\vc141.pdb
c:\users\bastien bouquin\desktop\programmation\ia-jeux\westworldwithmessaging\debug\vc141.idb
c:\users\bastien bouquin\desktop\programmation\ia-jeux\westworldwithmessaging\debug\minerswifeownedstates.sbr
c:\users\bastien bouquin\desktop\programmation\ia-jeux\westworldwithmessaging\debug\minerswife.sbr
c:\users\bastien bouquin\desktop\programmation\ia-jeux\westworldwithmessaging\debug\minerownedstates.sbr
c:\users\bastien bouquin\desktop\programmation\ia-jeux\westworldwithmessaging\debug\miner.sbr
c:\users\bastien bouquin\desktop\programmation\ia-jeux\westworldwithmessaging\debug\messagedispatcher.sbr
c:\users\bastien bouquin\desktop\programmation\ia-jeux\westworldwithmessaging\debug\main.sbr
c:\users\bastien bouquin\desktop\programmation\ia-jeux\westworldwithmessaging\debug\entitymanager.sbr
c:\users\bastien bouquin\desktop\programmation\ia-jeux\westworldwithmessaging\debug\drunkownedstates.sbr
c:\users\bastien bouquin\desktop\programmation\ia-jeux\westworldwithmessaging\debug\drunk.sbr
c:\users\bastien bouquin\desktop\programmation\ia-jeux\westworldwithmessaging\debug\basegameentity.sbr
c:\users\bastien bouquin\desktop\programmation\ia-jeux\westworldwithmessaging\debug\banditsownedstates.sbr
c:\users\bastien bouquin\desktop\programmation\ia-jeux\westworldwithmessaging\debug\bandits.sbr
c:\users\bastien bouquin\desktop\programmation\ia-jeux\westworldwithmessaging\debug\crudetimer.sbr
c:\users\bastien bouquin\desktop\programmation\ia-jeux\westworldwithmessaging\debug\crudetimer.obj
c:\users\bastien bouquin\desktop\programmation\ia-jeux\westworldwithmessaging\debug\bandits.obj
c:\users\bastien bouquin\desktop\programmation\ia-jeux\westworldwithmessaging\debug\banditsownedstates.obj
c:\users\bastien bouquin\desktop\programmation\ia-jeux\westworldwithmessaging\debug\basegameentity.obj
c:\users\bastien bouquin\desktop\programmation\ia-jeux\westworldwithmessaging\debug\drunk.obj
c:\users\bastien bouquin\desktop\programmation\ia-jeux\westworldwithmessaging\debug\drunkownedstates.obj
c:\users\bastien bouquin\desktop\programmation\ia-jeux\westworldwithmessaging\debug\entitymanager.obj
c:\users\bastien bouquin\desktop\programmation\ia-jeux\westworldwithmessaging\debug\main.obj
c:\users\bastien bouquin\desktop\programmation\ia-jeux\westworldwithmessaging\debug\messagedispatcher.obj
c:\users\bastien bouquin\desktop\programmation\ia-jeux\westworldwithmessaging\debug\miner.obj
c:\users\bastien bouquin\desktop\programmation\ia-jeux\westworldwithmessaging\debug\minerownedstates.obj
c:\users\bastien bouquin\desktop\programmation\ia-jeux\westworldwithmessaging\debug\minerswife.obj
c:\users\bastien bouquin\desktop\programmation\ia-jeux\westworldwithmessaging\debug\minerswifeownedstates.obj
c:\users\bastien bouquin\desktop\programmation\ia-jeux\westworldwithmessaging\debug\westworldwithmessaging.exe
c:\users\bastien bouquin\desktop\programmation\ia-jeux\westworldwithmessaging\debug\westworldwithmessaging.ilk
c:\users\bastien bouquin\desktop\programmation\ia-jeux\westworldwithmessaging\debug\westworldwithmessaging.pdb
c:\users\bastien bouquin\desktop\programmation\ia-jeux\westworldwithmessaging\.\debug\westworldwithmessaging.exe
c:\users\bastien bouquin\desktop\programmation\ia-jeux\westworldwithmessaging\debug\westworl.0e2c3421.tlog\bscmake.command.1.tlog
c:\users\bastien bouquin\desktop\programmation\ia-jeux\westworldwithmessaging\debug\westworl.0e2c3421.tlog\bscmake.read.1.tlog
c:\users\bastien bouquin\desktop\programmation\ia-jeux\westworldwithmessaging\debug\westworl.0e2c3421.tlog\bscmake.write.1.tlog
c:\users\bastien bouquin\desktop\programmation\ia-jeux\westworldwithmessaging\debug\westworl.0e2c3421.tlog\cl.command.1.tlog
c:\users\bastien bouquin\desktop\programmation\ia-jeux\westworldwithmessaging\debug\westworl.0e2c3421.tlog\cl.read.1.tlog
c:\users\bastien bouquin\desktop\programmation\ia-jeux\westworldwithmessaging\debug\westworl.0e2c3421.tlog\cl.write.1.tlog
c:\users\bastien bouquin\desktop\programmation\ia-jeux\westworldwithmessaging\debug\westworl.0e2c3421.tlog\link.command.1.tlog
c:\users\bastien bouquin\desktop\programmation\ia-jeux\westworldwithmessaging\debug\westworl.0e2c3421.tlog\link.read.1.tlog
c:\users\bastien bouquin\desktop\programmation\ia-jeux\westworldwithmessaging\debug\westworl.0e2c3421.tlog\link.write.1.tlog
